2025-02-27 08:07:03.014114 - Найдено записей: 377
2025-02-27 08:19:22.403365 - Найдено записей: 377
2025-02-27 08:20:16.944742 - Найдено записей: 377
2025-02-27 08:22:15.696638 - Найдено записей: 377
2025-02-27 08:33:16.349446 - Найдено записей: 377
2025-02-27 08:40:39.585672 - Найдено записей: 377
2025-02-27 08:47:20.863712 - Найдено записей: 377
2025-02-27 09:02:12.170586 - Найдено записей: 377
2025-02-27 09:10:08.954379 - Найдено записей: 377
2025-02-27 09:11:35.799406 - Пользователь с pc_name w-EKhromova не найден
2025-02-27 09:11:54.561888 - Найдено записей: 377
2025-02-27 09:25:09.847118 - Найдено записей: 377
2025-02-27 09:25:15.008717 - Найдено записей: 377
2025-02-27 09:26:38.886183 - Найдено записей: 377
2025-02-27 09:32:58.883077 - Найдено записей: 377
2025-02-27 09:40:02.884986 - Ошибка проводника: [WinError 67] Не найдено сетевое имя: '\\\\w-YBukovskiy\\c$'
2025-02-27 09:40:19.892272 - Ошибка проводника: [WinError 67] Не найдено сетевое имя: '\\\\w-lartemeva\\c$'
2025-02-27 09:40:31.678837 - Ошибка проводника: [WinError 67] Не найдено сетевое имя: '\\\\w-martemov\\c$'
2025-02-27 09:41:05.369985 - Ошибка проводника: [WinError 67] Не найдено сетевое имя: '\\\\w-DZagrebina\\c$'
2025-02-27 09:41:18.011563 - Ошибка проводника: [WinError 67] Не найдено сетевое имя: '\\\\w-IGKalashnikova\\c$'
